[2020-04-01 22:35:01,970] Starting new HTTPS connection (1): www.mohfw.gov.in:443
[2020-04-01 22:35:02,680] https://www.mohfw.gov.in:443 "GET / HTTP/1.1" 200 11849
[2020-04-01 22:35:02,737] Sending Please find the CoronaVirus Summary for India below:
```+-------+------------------------------------------+------+------+------+
| Sno   | State                                    |   In |   Fr |   Cd |
|-------+------------------------------------------+------+------+------|
| 1     | Andhra Pradesh                           |   83 |    1 |    0 |
| 2     | Andaman and Nicobar Islands              |   10 |    0 |    0 |
| 3     | Bihar                                    |   23 |    0 |    1 |
| 4     | Chandigarh                               |   13 |    0 |    0 |
| 5     | Chhattisgarh                             |    9 |    0 |    0 |
| 6     | Delhi                                    |  120 |    6 |    2 |
| 7     | Goa                                      |    5 |    0 |    0 |
| 8     | Gujarat                                  |   74 |    5 |    6 |
| 9     | Haryana                                  |   43 |   21 |    0 |
| 10    | Himachal Pradesh                         |    3 |    0 |    1 |
| 11    | Jammu and Kashmir                        |   55 |    2 |    2 |
| 12    | Karnataka                                |  101 |    8 |    3 |
| 13    | Kerala                                   |  241 |   23 |    2 |
| 14    | Ladakh                                   |   13 |    3 |    0 |
| 15    | Madhya Pradesh                           |   47 |    0 |    3 |
| 16    | Maharashtra                              |  302 |   39 |    9 |
| 17    | Manipur                                  |    1 |    0 |    0 |
| 18    | Mizoram                                  |    1 |    0 |    0 |
| 19    | Odisha                                   |    4 |    0 |    0 |
| 20    | Puducherry                               |    1 |    0 |    0 |
| 21    | Punjab                                   |   41 |    1 |    3 |
| 22    | Rajasthan                                |   93 |    3 |    0 |
| 23    | Tamil Nadu                               |  124 |    4 |    1 |
| 24    | Telengana                                |   94 |    1 |    3 |
| 25    | Uttarakhand                              |    7 |    2 |    0 |
| 26    | Uttar Pradesh                            |  103 |   14 |    0 |
| 27    | West Bengal                              |   26 |    0 |    2 |
|       | Total number of confirmed cases in India | 1637 |  133 |   38 |
+-------+------------------------------------------+------+------+------+``` to slack
[2020-04-01 22:35:02,738] Starting new HTTPS connection (1): hooks.slack.com:443
[2020-04-01 22:35:04,499] https://hooks.slack.com:443 "POST /services/T010STSQN4B/B010U9T3HD0/LE8nrA4yqSYuME8CMW1E24MU HTTP/1.1" 200 22
[2020-04-01 22:35:04,507] Starting new HTTPS connection (1): www.mohfw.gov.in:443
[2020-04-01 22:35:05,978] https://www.mohfw.gov.in:443 "GET / HTTP/1.1" 200 11849
[2020-04-01 22:40:01,232] Starting new HTTPS connection (1): www.mohfw.gov.in:443
[2020-04-01 22:40:01,576] https://www.mohfw.gov.in:443 "GET / HTTP/1.1" 200 11849
[2020-04-01 22:40:01,648] NEW_STATE 133 got corona virus: ['38']
[2020-04-01 22:40:01,651] Sending CoronaVirus Summary for India:

 - NEW_STATE 133 got corona virus: [38]
```+------------------------------------------+---------+-----------------------------+------+------+------+
| Sno                                      |   State | In                          |   Fr |   Cd |   Dt |
|------------------------------------------+---------+-----------------------------+------+------+------|
|                                          |       1 | Andhra Pradesh              |   83 |    1 |    0 |
|                                          |       2 | Andaman and Nicobar Islands |   10 |    0 |    0 |
|                                          |       3 | Bihar                       |   23 |    0 |    1 |
|                                          |       4 | Chandigarh                  |   13 |    0 |    0 |
|                                          |       5 | Chhattisgarh                |    9 |    0 |    0 |
|                                          |       6 | Delhi                       |  120 |    6 |    2 |
|                                          |       7 | Goa                         |    5 |    0 |    0 |
|                                          |       8 | Gujarat                     |   74 |    5 |    6 |
|                                          |       9 | Haryana                     |   43 |   21 |    0 |
|                                          |      10 | Himachal Pradesh            |    3 |    0 |    1 |
|                                          |      11 | Jammu and Kashmir           |   55 |    2 |    2 |
|                                          |      12 | Karnataka                   |  101 |    8 |    3 |
|                                          |      13 | Kerala                      |  241 |   23 |    2 |
|                                          |      14 | Ladakh                      |   13 |    3 |    0 |
|                                          |      15 | Madhya Pradesh              |   47 |    0 |    3 |
|                                          |      16 | Maharashtra                 |  302 |   39 |    9 |
|                                          |      17 | Manipur                     |    1 |    0 |    0 |
|                                          |      18 | Mizoram                     |    1 |    0 |    0 |
|                                          |      19 | Odisha                      |    4 |    0 |    0 |
|                                          |      20 | Puducherry                  |    1 |    0 |    0 |
|                                          |      21 | Punjab                      |   41 |    1 |    3 |
|                                          |      22 | Rajasthan                   |   93 |    3 |    0 |
|                                          |      23 | Tamil Nadu                  |  124 |    4 |    1 |
|                                          |      24 | Telengana                   |   94 |    1 |    3 |
|                                          |      25 | Uttarakhand                 |    7 |    2 |    0 |
|                                          |      26 | Uttar Pradesh               |  103 |   14 |    0 |
|                                          |      27 | West Bengal                 |   26 |    0 |    2 |
| Total number of confirmed cases in India |    1637 | 133                         |   38 |      |      |
+------------------------------------------+---------+-----------------------------+------+------+------+``` to slack
[2020-04-01 22:40:01,652] Starting new HTTPS connection (1): hooks.slack.com:443
[2020-04-01 22:40:02,625] https://hooks.slack.com:443 "POST /services/T010STSQN4B/B010U9T3HD0/LE8nrA4yqSYuME8CMW1E24MU HTTP/1.1" 200 22
[2020-04-01 22:45:01,868] Starting new HTTPS connection (1): www.mohfw.gov.in:443
[2020-04-01 22:45:03,584] https://www.mohfw.gov.in:443 "GET / HTTP/1.1" 200 11849
[2020-04-01 22:50:01,874] Starting new HTTPS connection (1): www.mohfw.gov.in:443
[2020-04-01 22:50:11,884] Your script has failed. Looks like a new bug xD
Traceback (most recent call last):
  File "/home/rahul/miniconda3/lib/python3.7/site-packages/urllib3/connection.py", line 157, in _new_conn
    (self._dns_host, self.port), self.timeout, **extra_kw
  File "/home/rahul/miniconda3/lib/python3.7/site-packages/urllib3/util/connection.py", line 61, in create_connection
    for res in socket.getaddrinfo(host, port, family, socket.SOCK_STREAM):
  File "/home/rahul/miniconda3/lib/python3.7/socket.py", line 752, in getaddrinfo
    for res in _socket.getaddrinfo(host, port, family, type, proto, flags):
socket.gaierror: [Errno -2] Name or service not known

During handling of the above exception, another exception occurred:

Traceback (most recent call last):
  File "/home/rahul/miniconda3/lib/python3.7/site-packages/urllib3/connectionpool.py", line 672, in urlopen
    chunked=chunked,
  File "/home/rahul/miniconda3/lib/python3.7/site-packages/urllib3/connectionpool.py", line 376, in _make_request
    self._validate_conn(conn)
  File "/home/rahul/miniconda3/lib/python3.7/site-packages/urllib3/connectionpool.py", line 994, in _validate_conn
    conn.connect()
  File "/home/rahul/miniconda3/lib/python3.7/site-packages/urllib3/connection.py", line 300, in connect
    conn = self._new_conn()
  File "/home/rahul/miniconda3/lib/python3.7/site-packages/urllib3/connection.py", line 169, in _new_conn
    self, "Failed to establish a new connection: %s" % e
urllib3.exceptions.NewConnectionError: <urllib3.connection.VerifiedHTTPSConnection object at 0x7f56720687d0>: Failed to establish a new connection: [Errno -2] Name or service not known

During handling of the above exception, another exception occurred:

Traceback (most recent call last):
  File "/home/rahul/miniconda3/lib/python3.7/site-packages/requests/adapters.py", line 449, in send
    timeout=timeout
  File "/home/rahul/miniconda3/lib/python3.7/site-packages/urllib3/connectionpool.py", line 720, in urlopen
    method, url, error=e, _pool=self, _stacktrace=sys.exc_info()[2]
  File "/home/rahul/miniconda3/lib/python3.7/site-packages/urllib3/util/retry.py", line 436, in increment
    raise MaxRetryError(_pool, url, error or ResponseError(cause))
urllib3.exceptions.MaxRetryError: HTTPSConnectionPool(host='www.mohfw.gov.in', port=443): Max retries exceeded with url: / (Caused by NewConnectionError('<urllib3.connection.VerifiedHTTPSConnection object at 0x7f56720687d0>: Failed to establish a new connection: [Errno -2] Name or service not known'))

During handling of the above exception, another exception occurred:

Traceback (most recent call last):
  File "main.py", line 63, in <module>
    stats = scrape()
  File "main.py", line 18, in scrape
    response = requests.get(URL).content
  File "/home/rahul/miniconda3/lib/python3.7/site-packages/requests/api.py", line 75, in get
    return request('get', url, params=params, **kwargs)
  File "/home/rahul/miniconda3/lib/python3.7/site-packages/requests/api.py", line 60, in request
    return session.request(method=method, url=url, **kwargs)
  File "/home/rahul/miniconda3/lib/python3.7/site-packages/requests/sessions.py", line 533, in request
    resp = self.send(prep, **send_kwargs)
  File "/home/rahul/miniconda3/lib/python3.7/site-packages/requests/sessions.py", line 646, in send
    r = adapter.send(request, **kwargs)
  File "/home/rahul/miniconda3/lib/python3.7/site-packages/requests/adapters.py", line 516, in send
    raise ConnectionError(e, request=request)
requests.exceptions.ConnectionError: HTTPSConnectionPool(host='www.mohfw.gov.in', port=443): Max retries exceeded with url: / (Caused by NewConnectionError('<urllib3.connection.VerifiedHTTPSConnection object at 0x7f56720687d0>: Failed to establish a new connection: [Errno -2] Name or service not known'))
[2020-04-01 22:50:11,890] Sending Your script has failed. Looks like a new bug xD 
 Exception occured: [HTTPSConnectionPool(host='www.mohfw.gov.in', port=443): Max retries exceeded with url: / (Caused by NewConnectionError('<urllib3.connection.VerifiedHTTPSConnection object at 0x7f56720687d0>: Failed to establish a new connection: [Errno -2] Name or service not known'))] to slack
[2020-04-01 22:50:11,894] Starting new HTTPS connection (1): hooks.slack.com:443
[2020-04-01 22:55:02,111] Starting new HTTPS connection (1): www.mohfw.gov.in:443
[2020-04-01 22:55:12,123] Your script has failed. Looks like a new bug xD
Traceback (most recent call last):
  File "/home/rahul/miniconda3/lib/python3.7/site-packages/urllib3/connection.py", line 157, in _new_conn
    (self._dns_host, self.port), self.timeout, **extra_kw
  File "/home/rahul/miniconda3/lib/python3.7/site-packages/urllib3/util/connection.py", line 61, in create_connection
    for res in socket.getaddrinfo(host, port, family, socket.SOCK_STREAM):
  File "/home/rahul/miniconda3/lib/python3.7/socket.py", line 752, in getaddrinfo
    for res in _socket.getaddrinfo(host, port, family, type, proto, flags):
socket.gaierror: [Errno -2] Name or service not known

During handling of the above exception, another exception occurred:

Traceback (most recent call last):
  File "/home/rahul/miniconda3/lib/python3.7/site-packages/urllib3/connectionpool.py", line 672, in urlopen
    chunked=chunked,
  File "/home/rahul/miniconda3/lib/python3.7/site-packages/urllib3/connectionpool.py", line 376, in _make_request
    self._validate_conn(conn)
  File "/home/rahul/miniconda3/lib/python3.7/site-packages/urllib3/connectionpool.py", line 994, in _validate_conn
    conn.connect()
  File "/home/rahul/miniconda3/lib/python3.7/site-packages/urllib3/connection.py", line 300, in connect
    conn = self._new_conn()
  File "/home/rahul/miniconda3/lib/python3.7/site-packages/urllib3/connection.py", line 169, in _new_conn
    self, "Failed to establish a new connection: %s" % e
urllib3.exceptions.NewConnectionError: <urllib3.connection.VerifiedHTTPSConnection object at 0x7f7133715290>: Failed to establish a new connection: [Errno -2] Name or service not known

During handling of the above exception, another exception occurred:

Traceback (most recent call last):
  File "/home/rahul/miniconda3/lib/python3.7/site-packages/requests/adapters.py", line 449, in send
    timeout=timeout
  File "/home/rahul/miniconda3/lib/python3.7/site-packages/urllib3/connectionpool.py", line 720, in urlopen
    method, url, error=e, _pool=self, _stacktrace=sys.exc_info()[2]
  File "/home/rahul/miniconda3/lib/python3.7/site-packages/urllib3/util/retry.py", line 436, in increment
    raise MaxRetryError(_pool, url, error or ResponseError(cause))
urllib3.exceptions.MaxRetryError: HTTPSConnectionPool(host='www.mohfw.gov.in', port=443): Max retries exceeded with url: / (Caused by NewConnectionError('<urllib3.connection.VerifiedHTTPSConnection object at 0x7f7133715290>: Failed to establish a new connection: [Errno -2] Name or service not known'))

During handling of the above exception, another exception occurred:

Traceback (most recent call last):
  File "main.py", line 63, in <module>
    stats = scrape()
  File "main.py", line 18, in scrape
    response = requests.get(URL).content
  File "/home/rahul/miniconda3/lib/python3.7/site-packages/requests/api.py", line 75, in get
    return request('get', url, params=params, **kwargs)
  File "/home/rahul/miniconda3/lib/python3.7/site-packages/requests/api.py", line 60, in request
    return session.request(method=method, url=url, **kwargs)
  File "/home/rahul/miniconda3/lib/python3.7/site-packages/requests/sessions.py", line 533, in request
    resp = self.send(prep, **send_kwargs)
  File "/home/rahul/miniconda3/lib/python3.7/site-packages/requests/sessions.py", line 646, in send
    r = adapter.send(request, **kwargs)
  File "/home/rahul/miniconda3/lib/python3.7/site-packages/requests/adapters.py", line 516, in send
    raise ConnectionError(e, request=request)
requests.exceptions.ConnectionError: HTTPSConnectionPool(host='www.mohfw.gov.in', port=443): Max retries exceeded with url: / (Caused by NewConnectionError('<urllib3.connection.VerifiedHTTPSConnection object at 0x7f7133715290>: Failed to establish a new connection: [Errno -2] Name or service not known'))
[2020-04-01 22:55:12,125] Sending Your script has failed. Looks like a new bug xD 
 Exception occured: [HTTPSConnectionPool(host='www.mohfw.gov.in', port=443): Max retries exceeded with url: / (Caused by NewConnectionError('<urllib3.connection.VerifiedHTTPSConnection object at 0x7f7133715290>: Failed to establish a new connection: [Errno -2] Name or service not known'))] to slack
[2020-04-01 22:55:12,127] Starting new HTTPS connection (1): hooks.slack.com:443
[2020-04-01 23:00:01,329] Starting new HTTPS connection (1): www.mohfw.gov.in:443
[2020-04-01 23:00:11,341] Your script has failed. Looks like a new bug xD
Traceback (most recent call last):
  File "/home/rahul/miniconda3/lib/python3.7/site-packages/urllib3/connection.py", line 157, in _new_conn
    (self._dns_host, self.port), self.timeout, **extra_kw
  File "/home/rahul/miniconda3/lib/python3.7/site-packages/urllib3/util/connection.py", line 61, in create_connection
    for res in socket.getaddrinfo(host, port, family, socket.SOCK_STREAM):
  File "/home/rahul/miniconda3/lib/python3.7/socket.py", line 752, in getaddrinfo
    for res in _socket.getaddrinfo(host, port, family, type, proto, flags):
socket.gaierror: [Errno -2] Name or service not known

During handling of the above exception, another exception occurred:

Traceback (most recent call last):
  File "/home/rahul/miniconda3/lib/python3.7/site-packages/urllib3/connectionpool.py", line 672, in urlopen
    chunked=chunked,
  File "/home/rahul/miniconda3/lib/python3.7/site-packages/urllib3/connectionpool.py", line 376, in _make_request
    self._validate_conn(conn)
  File "/home/rahul/miniconda3/lib/python3.7/site-packages/urllib3/connectionpool.py", line 994, in _validate_conn
    conn.connect()
  File "/home/rahul/miniconda3/lib/python3.7/site-packages/urllib3/connection.py", line 300, in connect
    conn = self._new_conn()
  File "/home/rahul/miniconda3/lib/python3.7/site-packages/urllib3/connection.py", line 169, in _new_conn
    self, "Failed to establish a new connection: %s" % e
urllib3.exceptions.NewConnectionError: <urllib3.connection.VerifiedHTTPSConnection object at 0x7fbfe510a750>: Failed to establish a new connection: [Errno -2] Name or service not known

During handling of the above exception, another exception occurred:

Traceback (most recent call last):
  File "/home/rahul/miniconda3/lib/python3.7/site-packages/requests/adapters.py", line 449, in send
    timeout=timeout
  File "/home/rahul/miniconda3/lib/python3.7/site-packages/urllib3/connectionpool.py", line 720, in urlopen
    method, url, error=e, _pool=self, _stacktrace=sys.exc_info()[2]
  File "/home/rahul/miniconda3/lib/python3.7/site-packages/urllib3/util/retry.py", line 436, in increment
    raise MaxRetryError(_pool, url, error or ResponseError(cause))
urllib3.exceptions.MaxRetryError: HTTPSConnectionPool(host='www.mohfw.gov.in', port=443): Max retries exceeded with url: / (Caused by NewConnectionError('<urllib3.connection.VerifiedHTTPSConnection object at 0x7fbfe510a750>: Failed to establish a new connection: [Errno -2] Name or service not known'))

During handling of the above exception, another exception occurred:

Traceback (most recent call last):
  File "main.py", line 63, in <module>
    stats = scrape()
  File "main.py", line 18, in scrape
    response = requests.get(URL).content
  File "/home/rahul/miniconda3/lib/python3.7/site-packages/requests/api.py", line 75, in get
    return request('get', url, params=params, **kwargs)
  File "/home/rahul/miniconda3/lib/python3.7/site-packages/requests/api.py", line 60, in request
    return session.request(method=method, url=url, **kwargs)
  File "/home/rahul/miniconda3/lib/python3.7/site-packages/requests/sessions.py", line 533, in request
    resp = self.send(prep, **send_kwargs)
  File "/home/rahul/miniconda3/lib/python3.7/site-packages/requests/sessions.py", line 646, in send
    r = adapter.send(request, **kwargs)
  File "/home/rahul/miniconda3/lib/python3.7/site-packages/requests/adapters.py", line 516, in send
    raise ConnectionError(e, request=request)
requests.exceptions.ConnectionError: HTTPSConnectionPool(host='www.mohfw.gov.in', port=443): Max retries exceeded with url: / (Caused by NewConnectionError('<urllib3.connection.VerifiedHTTPSConnection object at 0x7fbfe510a750>: Failed to establish a new connection: [Errno -2] Name or service not known'))
[2020-04-01 23:00:11,344] Sending Your script has failed. Looks like a new bug xD 
 Exception occured: [HTTPSConnectionPool(host='www.mohfw.gov.in', port=443): Max retries exceeded with url: / (Caused by NewConnectionError('<urllib3.connection.VerifiedHTTPSConnection object at 0x7fbfe510a750>: Failed to establish a new connection: [Errno -2] Name or service not known'))] to slack
[2020-04-01 23:00:11,346] Starting new HTTPS connection (1): hooks.slack.com:443
[2020-04-01 23:03:13,465] Starting new HTTPS connection (1): www.mohfw.gov.in:443
[2020-04-01 23:03:20,578] https://www.mohfw.gov.in:443 "GET / HTTP/1.1" 200 11849
[2020-04-01 23:05:01,562] Starting new HTTPS connection (1): www.mohfw.gov.in:443
[2020-04-01 23:05:03,753] https://www.mohfw.gov.in:443 "GET / HTTP/1.1" 200 11849
[2020-04-01 23:10:01,990] Starting new HTTPS connection (1): www.mohfw.gov.in:443
[2020-04-01 23:10:02,925] https://www.mohfw.gov.in:443 "GET / HTTP/1.1" 200 11876
[2020-04-01 23:10:02,982] Change for Andhra Pradesh: ['83', '1', '0']->['83', '0', '0']
[2020-04-01 23:10:02,982] Change for Andaman and Nicobar Islands: ['10', '0', '0']->['10', '1', '0']
[2020-04-01 23:10:02,982] NEW_STATE Assam got corona virus: ['1', '0', '0']
[2020-04-01 23:10:02,982] Change for Chandigarh: ['13', '0', '0']->['16', '0', '0']
[2020-04-01 23:10:02,982] Change for Chhattisgarh: ['9', '0', '0']->['9', '2', '0']
[2020-04-01 23:10:02,982] Change for Delhi: ['120', '6', '2']->['152', '6', '2']
[2020-04-01 23:10:02,982] Change for Gujarat: ['74', '5', '6']->['82', '5', '6']
[2020-04-01 23:10:02,982] Change for Jammu and Kashmir: ['55', '2', '2']->['62', '2', '2']
[2020-04-01 23:10:02,982] NEW_STATE Jharkhand got corona virus: ['1', '0', '0']
[2020-04-01 23:10:02,982] Change for Madhya Pradesh: ['47', '0', '3']->['66', '0', '3']
[2020-04-01 23:10:02,982] Change for Puducherry: ['1', '0', '0']->['3', '1', '0']
[2020-04-01 23:10:02,982] Change for Punjab: ['41', '1', '3']->['42', '1', '3']
[2020-04-01 23:10:02,982] Change for Tamil Nadu: ['124', '4', '1']->['234', '6', '1']
[2020-04-01 23:10:02,982] Change for Telengana: ['94', '1', '3']->['96', '1', '3']
[2020-04-01 23:10:02,982] Change for Uttar Pradesh: ['103', '14', '0']->['103', '14', '2']
[2020-04-01 23:10:02,982] Change for West Bengal: ['26', '0', '2']->['37', '6', '3']
[2020-04-01 23:10:02,982] Change for Total number of confirmed cases in India: ['1637', '133', '38']->['1834', '144', '41']
[2020-04-01 23:10:02,984] Sending CoronaVirus Summary for India:

 - Change for Andhra Pradesh: [83, 1, 0]->[83, 0, 0]
 - Change for Andaman and Nicobar Islands: [10, 0, 0]->[10, 1, 0]
 - NEW_STATE Assam got corona virus: [1, 0, 0]
 - Change for Chandigarh: [13, 0, 0]->[16, 0, 0]
 - Change for Chhattisgarh: [9, 0, 0]->[9, 2, 0]
 - Change for Delhi: [120, 6, 2]->[152, 6, 2]
 - Change for Gujarat: [74, 5, 6]->[82, 5, 6]
 - Change for Jammu and Kashmir: [55, 2, 2]->[62, 2, 2]
 - NEW_STATE Jharkhand got corona virus: [1, 0, 0]
 - Change for Madhya Pradesh: [47, 0, 3]->[66, 0, 3]
 - Change for Puducherry: [1, 0, 0]->[3, 1, 0]
 - Change for Punjab: [41, 1, 3]->[42, 1, 3]
 - Change for Tamil Nadu: [124, 4, 1]->[234, 6, 1]
 - Change for Telengana: [94, 1, 3]->[96, 1, 3]
 - Change for Uttar Pradesh: [103, 14, 0]->[103, 14, 2]
 - Change for West Bengal: [26, 0, 2]->[37, 6, 3]
 - Change for Total number of confirmed cases in India: [1637, 133, 38]->[1834, 144, 41]
```+-------+------------------------------------------+------+------+------+
| Sno   | State                                    |   In |   Fr |   Cd |
|-------+------------------------------------------+------+------+------|
| 1     | Andhra Pradesh                           |   83 |    0 |    0 |
| 2     | Andaman and Nicobar Islands              |   10 |    1 |    0 |
| 3     | Assam                                    |    1 |    0 |    0 |
| 4     | Bihar                                    |   23 |    0 |    1 |
| 5     | Chandigarh                               |   16 |    0 |    0 |
| 6     | Chhattisgarh                             |    9 |    2 |    0 |
| 7     | Delhi                                    |  152 |    6 |    2 |
| 8     | Goa                                      |    5 |    0 |    0 |
| 9     | Gujarat                                  |   82 |    5 |    6 |
| 10    | Haryana                                  |   43 |   21 |    0 |
| 11    | Himachal Pradesh                         |    3 |    0 |    1 |
| 12    | Jammu and Kashmir                        |   62 |    2 |    2 |
| 13    | Jharkhand                                |    1 |    0 |    0 |
| 14    | Karnataka                                |  101 |    8 |    3 |
| 15    | Kerala                                   |  241 |   23 |    2 |
| 16    | Ladakh                                   |   13 |    3 |    0 |
| 17    | Madhya Pradesh                           |   66 |    0 |    3 |
| 18    | Maharashtra                              |  302 |   39 |    9 |
| 19    | Manipur                                  |    1 |    0 |    0 |
| 20    | Mizoram                                  |    1 |    0 |    0 |
| 21    | Odisha                                   |    4 |    0 |    0 |
| 22    | Puducherry                               |    3 |    1 |    0 |
| 23    | Punjab                                   |   42 |    1 |    3 |
| 24    | Rajasthan                                |   93 |    3 |    0 |
| 25    | Tamil Nadu                               |  234 |    6 |    1 |
| 26    | Telengana                                |   96 |    1 |    3 |
| 27    | Uttarakhand                              |    7 |    2 |    0 |
| 28    | Uttar Pradesh                            |  103 |   14 |    2 |
| 29    | West Bengal                              |   37 |    6 |    3 |
|       | Total number of confirmed cases in India | 1834 |  144 |   41 |
+-------+------------------------------------------+------+------+------+``` to slack
[2020-04-01 23:10:02,985] Starting new HTTPS connection (1): hooks.slack.com:443
[2020-04-01 23:10:04,467] https://hooks.slack.com:443 "POST /services/T010STSQN4B/B010U9T3HD0/LE8nrA4yqSYuME8CMW1E24MU HTTP/1.1" 200 22
[2020-04-01 23:15:01,682] Starting new HTTPS connection (1): www.mohfw.gov.in:443
[2020-04-01 23:15:03,256] https://www.mohfw.gov.in:443 "GET / HTTP/1.1" 200 11876
[2020-04-01 23:20:01,486] Starting new HTTPS connection (1): www.mohfw.gov.in:443
[2020-04-01 23:20:01,931] https://www.mohfw.gov.in:443 "GET / HTTP/1.1" 200 11876
[2020-04-01 23:25:01,189] Starting new HTTPS connection (1): www.mohfw.gov.in:443
[2020-04-01 23:25:02,675] https://www.mohfw.gov.in:443 "GET / HTTP/1.1" 200 11876
[2020-04-01 23:30:01,919] Starting new HTTPS connection (1): www.mohfw.gov.in:443
[2020-04-01 23:30:02,656] https://www.mohfw.gov.in:443 "GET / HTTP/1.1" 200 11876
[2020-04-01 23:35:01,918] Starting new HTTPS connection (1): www.mohfw.gov.in:443
[2020-04-01 23:35:02,534] https://www.mohfw.gov.in:443 "GET / HTTP/1.1" 200 11876
[2020-04-01 23:40:01,787] Starting new HTTPS connection (1): www.mohfw.gov.in:443
[2020-04-01 23:40:02,579] https://www.mohfw.gov.in:443 "GET / HTTP/1.1" 200 11876
[2020-04-01 23:45:01,843] Starting new HTTPS connection (1): www.mohfw.gov.in:443
[2020-04-01 23:45:02,298] https://www.mohfw.gov.in:443 "GET / HTTP/1.1" 200 11876
[2020-04-01 23:50:01,551] Starting new HTTPS connection (1): www.mohfw.gov.in:443
[2020-04-01 23:50:02,116] https://www.mohfw.gov.in:443 "GET / HTTP/1.1" 200 11876
[2020-04-01 23:55:01,362] Starting new HTTPS connection (1): www.mohfw.gov.in:443
[2020-04-01 23:55:03,009] https://www.mohfw.gov.in:443 "GET / HTTP/1.1" 200 11876
[2020-04-02 00:00:01,244] Starting new HTTPS connection (1): www.mohfw.gov.in:443
[2020-04-02 00:00:01,742] https://www.mohfw.gov.in:443 "GET / HTTP/1.1" 200 11876
[2020-04-02 00:05:01,998] Starting new HTTPS connection (1): www.mohfw.gov.in:443
[2020-04-02 00:05:03,002] https://www.mohfw.gov.in:443 "GET / HTTP/1.1" 200 11876
[2020-04-02 00:10:01,268] Starting new HTTPS connection (1): www.mohfw.gov.in:443
[2020-04-02 00:10:01,779] https://www.mohfw.gov.in:443 "GET / HTTP/1.1" 200 11876
[2020-04-02 00:15:02,036] Starting new HTTPS connection (1): www.mohfw.gov.in:443
[2020-04-02 00:15:02,479] https://www.mohfw.gov.in:443 "GET / HTTP/1.1" 200 11876
[2020-04-02 00:20:01,726] Starting new HTTPS connection (1): www.mohfw.gov.in:443
[2020-04-02 00:20:02,181] https://www.mohfw.gov.in:443 "GET / HTTP/1.1" 200 11876
[2020-04-02 00:25:01,425] Starting new HTTPS connection (1): www.mohfw.gov.in:443
[2020-04-02 00:25:01,760] https://www.mohfw.gov.in:443 "GET / HTTP/1.1" 200 11876
[2020-04-02 00:30:02,022] Starting new HTTPS connection (1): www.mohfw.gov.in:443
[2020-04-02 00:30:02,437] https://www.mohfw.gov.in:443 "GET / HTTP/1.1" 200 11912
[2020-04-02 00:35:01,681] Starting new HTTPS connection (1): www.mohfw.gov.in:443
[2020-04-02 00:35:02,307] https://www.mohfw.gov.in:443 "GET / HTTP/1.1" 200 11912
[2020-04-02 00:40:01,560] Starting new HTTPS connection (1): www.mohfw.gov.in:443
[2020-04-02 00:40:02,083] https://www.mohfw.gov.in:443 "GET / HTTP/1.1" 200 11912
[2020-04-02 00:45:01,348] Starting new HTTPS connection (1): www.mohfw.gov.in:443
[2020-04-02 00:45:01,907] https://www.mohfw.gov.in:443 "GET / HTTP/1.1" 200 11912
[2020-04-02 00:50:02,162] Starting new HTTPS connection (1): www.mohfw.gov.in:443
[2020-04-02 00:50:02,937] https://www.mohfw.gov.in:443 "GET / HTTP/1.1" 200 11912
[2020-04-02 00:55:01,193] Starting new HTTPS connection (1): www.mohfw.gov.in:443
[2020-04-02 00:55:02,867] https://www.mohfw.gov.in:443 "GET / HTTP/1.1" 200 11912
[2020-04-02 01:00:02,127] Starting new HTTPS connection (1): www.mohfw.gov.in:443
[2020-04-02 01:00:05,220] https://www.mohfw.gov.in:443 "GET / HTTP/1.1" 200 11912
[2020-04-02 06:40:02,170] Starting new HTTPS connection (1): www.mohfw.gov.in:443
[2020-04-02 06:40:02,569] https://www.mohfw.gov.in:443 "GET / HTTP/1.1" 200 11912
[2020-04-02 07:00:01,809] Starting new HTTPS connection (1): www.mohfw.gov.in:443
[2020-04-02 07:00:02,312] https://www.mohfw.gov.in:443 "GET / HTTP/1.1" 200 11912
[2020-04-02 08:00:01,506] Starting new HTTPS connection (1): www.mohfw.gov.in:443
[2020-04-02 08:00:02,238] https://www.mohfw.gov.in:443 "GET / HTTP/1.1" 200 11912
[2020-04-02 08:20:01,202] Starting new HTTPS connection (1): www.mohfw.gov.in:443
[2020-04-02 08:20:01,934] https://www.mohfw.gov.in:443 "GET / HTTP/1.1" 200 11912
[2020-04-02 08:40:01,193] Starting new HTTPS connection (1): www.mohfw.gov.in:443
[2020-04-02 08:40:01,634] https://www.mohfw.gov.in:443 "GET / HTTP/1.1" 200 11912
[2020-04-02 09:00:01,886] Starting new HTTPS connection (1): www.mohfw.gov.in:443
[2020-04-02 09:00:03,220] https://www.mohfw.gov.in:443 "GET / HTTP/1.1" 200 11912
[2020-04-02 09:20:01,499] Starting new HTTPS connection (1): www.mohfw.gov.in:443
[2020-04-02 09:20:02,211] https://www.mohfw.gov.in:443 "GET / HTTP/1.1" 200 11912
[2020-04-02 09:40:01,467] Starting new HTTPS connection (1): www.mohfw.gov.in:443
[2020-04-02 09:40:01,921] https://www.mohfw.gov.in:443 "GET / HTTP/1.1" 200 11912
[2020-04-02 11:20:01,431] Starting new HTTPS connection (1): www.mohfw.gov.in:443
[2020-04-02 11:20:02,777] https://www.mohfw.gov.in:443 "GET / HTTP/1.1" 200 11851
[2020-04-02 11:20:02,857] Change for Andhra Pradesh: ['83', '0', '0']->['86', '1', '1']
[2020-04-02 11:20:02,857] Change for Andaman and Nicobar Islands: ['10', '1', '0']->['10', '0', '0']
[2020-04-02 11:20:02,857] Change for Himachal Pradesh: ['3', '0', '1']->['3', '1', '1']
[2020-04-02 11:20:02,857] Change for Karnataka: ['101', '8', '3']->['110', '9', '3']
[2020-04-02 11:20:02,857] Change for Kerala: ['241', '23', '2']->['265', '25', '2']
[2020-04-02 11:20:02,857] Change for Madhya Pradesh: ['66', '0', '3']->['99', '0', '6']
[2020-04-02 11:20:02,857] Change for Maharashtra: ['302', '39', '9']->['335', '42', '13']
[2020-04-02 11:20:02,857] Change for Punjab: ['42', '1', '3']->['46', '1', '4']
[2020-04-02 11:20:02,857] Change for Rajasthan: ['93', '3', '0']->['108', '3', '0']
[2020-04-02 11:20:02,857] Change for Uttar Pradesh: ['103', '14', '2']->['113', '14', '2']
[2020-04-02 11:20:02,857] Change for Total number of confirmed cases in India: ['1834', '144', '41']->['1965', '151', '50']
[2020-04-02 11:20:02,859] Sending CoronaVirus Summary for India:

 - Change for Andhra Pradesh: [83, 0, 0]->[86, 1, 1]
 - Change for Andaman and Nicobar Islands: [10, 1, 0]->[10, 0, 0]
 - Change for Himachal Pradesh: [3, 0, 1]->[3, 1, 1]
 - Change for Karnataka: [101, 8, 3]->[110, 9, 3]
 - Change for Kerala: [241, 23, 2]->[265, 25, 2]
 - Change for Madhya Pradesh: [66, 0, 3]->[99, 0, 6]
 - Change for Maharashtra: [302, 39, 9]->[335, 42, 13]
 - Change for Punjab: [42, 1, 3]->[46, 1, 4]
 - Change for Rajasthan: [93, 3, 0]->[108, 3, 0]
 - Change for Uttar Pradesh: [103, 14, 2]->[113, 14, 2]
 - Change for Total number of confirmed cases in India: [1834, 144, 41]->[1965, 151, 50]
```+-------+------------------------------------------+------------+---------+----------+
| Sno   | State                                    |   Infected |   Cured |   Deaths |
|-------+------------------------------------------+------------+---------+----------|
| 1     | Andhra Pradesh                           |         86 |       1 |        1 |
| 2     | Andaman and Nicobar Islands              |         10 |       0 |        0 |
| 3     | Assam                                    |          1 |       0 |        0 |
| 4     | Bihar                                    |         23 |       0 |        1 |
| 5     | Chandigarh                               |         16 |       0 |        0 |
| 6     | Chhattisgarh                             |          9 |       2 |        0 |
| 7     | Delhi                                    |        152 |       6 |        2 |
| 8     | Goa                                      |          5 |       0 |        0 |
| 9     | Gujarat                                  |         82 |       5 |        6 |
| 10    | Haryana                                  |         43 |      21 |        0 |
| 11    | Himachal Pradesh                         |          3 |       1 |        1 |
| 12    | Jammu and Kashmir                        |         62 |       2 |        2 |
| 13    | Jharkhand                                |          1 |       0 |        0 |
| 14    | Karnataka                                |        110 |       9 |        3 |
| 15    | Kerala                                   |        265 |      25 |        2 |
| 16    | Ladakh                                   |         13 |       3 |        0 |
| 17    | Madhya Pradesh                           |         99 |       0 |        6 |
| 18    | Maharashtra                              |        335 |      42 |       13 |
| 19    | Manipur                                  |          1 |       0 |        0 |
| 20    | Mizoram                                  |          1 |       0 |        0 |
| 21    | Odisha                                   |          4 |       0 |        0 |
| 22    | Puducherry                               |          3 |       1 |        0 |
| 23    | Punjab                                   |         46 |       1 |        4 |
| 24    | Rajasthan                                |        108 |       3 |        0 |
| 25    | Tamil Nadu                               |        234 |       6 |        1 |
| 26    | Telengana                                |         96 |       1 |        3 |
| 27    | Uttarakhand                              |          7 |       2 |        0 |
| 28    | Uttar Pradesh                            |        113 |      14 |        2 |
| 29    | West Bengal                              |         37 |       6 |        3 |
|       | Total number of confirmed cases in India |       1965 |     151 |       50 |
+-------+------------------------------------------+------------+---------+----------+``` to slack
[2020-04-02 11:20:02,860] Starting new HTTPS connection (1): hooks.slack.com:443
[2020-04-02 11:20:03,682] https://hooks.slack.com:443 "POST /services/T010STSQN4B/B010U9T3HD0/LE8nrA4yqSYuME8CMW1E24MU HTTP/1.1" 200 22
[2020-04-02 11:40:02,072] Starting new HTTPS connection (1): www.mohfw.gov.in:443
[2020-04-02 11:40:03,265] https://www.mohfw.gov.in:443 "GET / HTTP/1.1" 200 11851
[2020-04-02 12:00:01,593] Starting new HTTPS connection (1): www.mohfw.gov.in:443
[2020-04-02 12:00:01,594] Your script has failed. Looks like a new bug xD
Traceback (most recent call last):
  File "/home/rahul/miniconda3/lib/python3.7/site-packages/urllib3/connection.py", line 157, in _new_conn
    (self._dns_host, self.port), self.timeout, **extra_kw
  File "/home/rahul/miniconda3/lib/python3.7/site-packages/urllib3/util/connection.py", line 61, in create_connection
    for res in socket.getaddrinfo(host, port, family, socket.SOCK_STREAM):
  File "/home/rahul/miniconda3/lib/python3.7/socket.py", line 752, in getaddrinfo
    for res in _socket.getaddrinfo(host, port, family, type, proto, flags):
socket.gaierror: [Errno -2] Name or service not known

During handling of the above exception, another exception occurred:

Traceback (most recent call last):
  File "/home/rahul/miniconda3/lib/python3.7/site-packages/urllib3/connectionpool.py", line 672, in urlopen
    chunked=chunked,
  File "/home/rahul/miniconda3/lib/python3.7/site-packages/urllib3/connectionpool.py", line 376, in _make_request
    self._validate_conn(conn)
  File "/home/rahul/miniconda3/lib/python3.7/site-packages/urllib3/connectionpool.py", line 994, in _validate_conn
    conn.connect()
  File "/home/rahul/miniconda3/lib/python3.7/site-packages/urllib3/connection.py", line 300, in connect
    conn = self._new_conn()
  File "/home/rahul/miniconda3/lib/python3.7/site-packages/urllib3/connection.py", line 169, in _new_conn
    self, "Failed to establish a new connection: %s" % e
urllib3.exceptions.NewConnectionError: <urllib3.connection.VerifiedHTTPSConnection object at 0x7fcbb846c5d0>: Failed to establish a new connection: [Errno -2] Name or service not known

During handling of the above exception, another exception occurred:

Traceback (most recent call last):
  File "/home/rahul/miniconda3/lib/python3.7/site-packages/requests/adapters.py", line 449, in send
    timeout=timeout
  File "/home/rahul/miniconda3/lib/python3.7/site-packages/urllib3/connectionpool.py", line 720, in urlopen
    method, url, error=e, _pool=self, _stacktrace=sys.exc_info()[2]
  File "/home/rahul/miniconda3/lib/python3.7/site-packages/urllib3/util/retry.py", line 436, in increment
    raise MaxRetryError(_pool, url, error or ResponseError(cause))
urllib3.exceptions.MaxRetryError: HTTPSConnectionPool(host='www.mohfw.gov.in', port=443): Max retries exceeded with url: / (Caused by NewConnectionError('<urllib3.connection.VerifiedHTTPSConnection object at 0x7fcbb846c5d0>: Failed to establish a new connection: [Errno -2] Name or service not known'))

During handling of the above exception, another exception occurred:

Traceback (most recent call last):
  File "main.py", line 70, in <module>
    stats = scrape()
  File "main.py", line 23, in scrape
    response = requests.get(URL).content
  File "/home/rahul/miniconda3/lib/python3.7/site-packages/requests/api.py", line 75, in get
    return request('get', url, params=params, **kwargs)
  File "/home/rahul/miniconda3/lib/python3.7/site-packages/requests/api.py", line 60, in request
    return session.request(method=method, url=url, **kwargs)
  File "/home/rahul/miniconda3/lib/python3.7/site-packages/requests/sessions.py", line 533, in request
    resp = self.send(prep, **send_kwargs)
  File "/home/rahul/miniconda3/lib/python3.7/site-packages/requests/sessions.py", line 646, in send
    r = adapter.send(request, **kwargs)
  File "/home/rahul/miniconda3/lib/python3.7/site-packages/requests/adapters.py", line 516, in send
    raise ConnectionError(e, request=request)
requests.exceptions.ConnectionError: HTTPSConnectionPool(host='www.mohfw.gov.in', port=443): Max retries exceeded with url: / (Caused by NewConnectionError('<urllib3.connection.VerifiedHTTPSConnection object at 0x7fcbb846c5d0>: Failed to establish a new connection: [Errno -2] Name or service not known'))
[2020-04-02 12:00:01,595] Sending Your script has failed. Looks like a new bug xD 
 Exception occured: [HTTPSConnectionPool(host='www.mohfw.gov.in', port=443): Max retries exceeded with url: / (Caused by NewConnectionError('<urllib3.connection.VerifiedHTTPSConnection object at 0x7fcbb846c5d0>: Failed to establish a new connection: [Errno -2] Name or service not known'))] to slack
[2020-04-02 12:00:01,596] Starting new HTTPS connection (1): hooks.slack.com:443
[2020-04-02 12:40:02,097] Starting new HTTPS connection (1): www.mohfw.gov.in:443
[2020-04-02 12:40:02,850] https://www.mohfw.gov.in:443 "GET / HTTP/1.1" 200 11881
[2020-04-02 13:00:02,110] Starting new HTTPS connection (1): www.mohfw.gov.in:443
[2020-04-02 13:00:02,765] https://www.mohfw.gov.in:443 "GET / HTTP/1.1" 200 11881
[2020-04-02 13:20:02,026] Starting new HTTPS connection (1): www.mohfw.gov.in:443
[2020-04-02 13:20:02,459] https://www.mohfw.gov.in:443 "GET / HTTP/1.1" 200 11881
[2020-04-02 13:40:01,269] Starting new HTTPS connection (1): www.mohfw.gov.in:443
[2020-04-02 13:40:05,332] https://www.mohfw.gov.in:443 "GET / HTTP/1.1" 200 11881
[2020-04-02 14:00:01,575] Starting new HTTPS connection (1): www.mohfw.gov.in:443
[2020-04-02 14:00:02,088] https://www.mohfw.gov.in:443 "GET / HTTP/1.1" 200 11881
[2020-04-02 14:20:01,355] Starting new HTTPS connection (1): www.mohfw.gov.in:443
[2020-04-02 14:20:01,897] https://www.mohfw.gov.in:443 "GET / HTTP/1.1" 200 11881
[2020-04-02 14:40:02,145] Starting new HTTPS connection (1): www.mohfw.gov.in:443
[2020-04-02 14:40:03,864] https://www.mohfw.gov.in:443 "GET / HTTP/1.1" 200 11881
[2020-04-02 15:00:02,123] Starting new HTTPS connection (1): www.mohfw.gov.in:443
[2020-04-02 15:00:05,091] https://www.mohfw.gov.in:443 "GET / HTTP/1.1" 200 11881
[2020-04-02 15:20:01,356] Starting new HTTPS connection (1): www.mohfw.gov.in:443
[2020-04-02 15:20:02,044] https://www.mohfw.gov.in:443 "GET / HTTP/1.1" 200 11881
[2020-04-02 15:40:01,297] Starting new HTTPS connection (1): www.mohfw.gov.in:443
[2020-04-02 15:40:01,958] https://www.mohfw.gov.in:443 "GET / HTTP/1.1" 200 11881
[2020-04-02 16:00:01,211] Starting new HTTPS connection (1): www.mohfw.gov.in:443
[2020-04-02 16:00:01,877] https://www.mohfw.gov.in:443 "GET / HTTP/1.1" 200 11881
[2020-04-02 16:20:02,146] Starting new HTTPS connection (1): www.mohfw.gov.in:443
[2020-04-02 16:20:04,706] https://www.mohfw.gov.in:443 "GET / HTTP/1.1" 200 11881
[2020-04-02 16:40:01,950] Starting new HTTPS connection (1): www.mohfw.gov.in:443
[2020-04-02 16:40:03,511] https://www.mohfw.gov.in:443 "GET / HTTP/1.1" 200 11881
[2020-04-02 17:00:01,766] Starting new HTTPS connection (1): www.mohfw.gov.in:443
[2020-04-02 17:00:02,142] https://www.mohfw.gov.in:443 "GET / HTTP/1.1" 200 11881
[2020-04-02 17:20:01,413] Starting new HTTPS connection (1): www.mohfw.gov.in:443
[2020-04-02 17:20:02,630] https://www.mohfw.gov.in:443 "GET / HTTP/1.1" 200 11881
[2020-04-02 17:40:01,881] Starting new HTTPS connection (1): www.mohfw.gov.in:443
[2020-04-02 17:40:02,350] https://www.mohfw.gov.in:443 "GET / HTTP/1.1" 200 11881
[2020-04-02 18:00:01,608] Starting new HTTPS connection (1): www.mohfw.gov.in:443
[2020-04-02 18:00:03,973] https://www.mohfw.gov.in:443 "GET / HTTP/1.1" 200 11881
[2020-04-02 18:20:01,221] Starting new HTTPS connection (1): www.mohfw.gov.in:443
[2020-04-02 18:20:01,653] https://www.mohfw.gov.in:443 "GET / HTTP/1.1" 200 12104
[2020-04-02 18:40:01,876] Starting new HTTPS connection (1): www.mohfw.gov.in:443
[2020-04-02 18:40:02,915] https://www.mohfw.gov.in:443 "GET / HTTP/1.1" 200 12104
[2020-04-02 19:00:01,175] Starting new HTTPS connection (1): www.mohfw.gov.in:443
[2020-04-02 19:00:06,345] https://www.mohfw.gov.in:443 "GET / HTTP/1.1" 200 12104
[2020-04-02 19:20:01,617] Starting new HTTPS connection (1): www.mohfw.gov.in:443
[2020-04-02 19:20:06,127] https://www.mohfw.gov.in:443 "GET / HTTP/1.1" 200 12104
[2020-04-02 19:40:01,390] Starting new HTTPS connection (1): www.mohfw.gov.in:443
[2020-04-02 19:40:01,952] https://www.mohfw.gov.in:443 "GET / HTTP/1.1" 200 12104
[2020-04-02 20:00:01,212] Starting new HTTPS connection (1): www.mohfw.gov.in:443
[2020-04-02 20:02:16,639] https://www.mohfw.gov.in:443 "GET / HTTP/1.1" 200 12107
[2020-04-02 20:02:16,718] Change for Assam: ['1', '0', '0']->['5', '0', '0']
[2020-04-02 20:02:16,718] Change for Bihar: ['23', '0', '1']->['24', '0', '1']
[2020-04-02 20:02:16,718] Change for Delhi: ['152', '6', '2']->['219', '8', '4']
[2020-04-02 20:02:16,718] Change for Gujarat: ['82', '5', '6']->['87', '8', '7']
[2020-04-02 20:02:16,718] Change for Telengana: ['96', '1', '3']->['107', '1', '3']
[2020-04-02 20:02:16,718] Change for West Bengal: ['37', '6', '3']->['53', '6', '3']
[2020-04-02 20:02:16,718] Change for Total number of confirmed cases in India: ['1965', '151', '50']->['2069', '156', '53']
[2020-04-02 20:02:16,720] Sending CoronaVirus Summary for India:

 - Change for Assam: [1, 0, 0]->[5, 0, 0]
 - Change for Bihar: [23, 0, 1]->[24, 0, 1]
 - Change for Delhi: [152, 6, 2]->[219, 8, 4]
 - Change for Gujarat: [82, 5, 6]->[87, 8, 7]
 - Change for Telengana: [96, 1, 3]->[107, 1, 3]
 - Change for West Bengal: [37, 6, 3]->[53, 6, 3]
 - Change for Total number of confirmed cases in India: [1965, 151, 50]->[2069, 156, 53]
```+-------+------------------------------------------+------------+---------+----------+
| Sno   | State                                    |   Infected |   Cured |   Deaths |
|-------+------------------------------------------+------------+---------+----------|
| 1     | Andhra Pradesh                           |         86 |       1 |        1 |
| 2     | Andaman and Nicobar Islands              |         10 |       0 |        0 |
| 3     | Assam                                    |          5 |       0 |        0 |
| 4     | Bihar                                    |         24 |       0 |        1 |
| 5     | Chandigarh                               |         16 |       0 |        0 |
| 6     | Chhattisgarh                             |          9 |       2 |        0 |
| 7     | Delhi                                    |        219 |       8 |        4 |
| 8     | Goa                                      |          5 |       0 |        0 |
| 9     | Gujarat                                  |         87 |       8 |        7 |
| 10    | Haryana                                  |         43 |      21 |        0 |
| 11    | Himachal Pradesh                         |          3 |       1 |        1 |
| 12    | Jammu and Kashmir                        |         62 |       2 |        2 |
| 13    | Jharkhand                                |          1 |       0 |        0 |
| 14    | Karnataka                                |        110 |       9 |        3 |
| 15    | Kerala                                   |        265 |      25 |        2 |
| 16    | Ladakh                                   |         13 |       3 |        0 |
| 17    | Madhya Pradesh                           |         99 |       0 |        6 |
| 18    | Maharashtra                              |        335 |      42 |       13 |
| 19    | Manipur                                  |          1 |       0 |        0 |
| 20    | Mizoram                                  |          1 |       0 |        0 |
| 21    | Odisha                                   |          4 |       0 |        0 |
| 22    | Puducherry                               |          3 |       1 |        0 |
| 23    | Punjab                                   |         46 |       1 |        4 |
| 24    | Rajasthan                                |        108 |       3 |        0 |
| 25    | Tamil Nadu                               |        234 |       6 |        1 |
| 26    | Telengana                                |        107 |       1 |        3 |
| 27    | Uttarakhand                              |          7 |       2 |        0 |
| 28    | Uttar Pradesh                            |        113 |      14 |        2 |
| 29    | West Bengal                              |         53 |       6 |        3 |
|       | Total number of confirmed cases in India |       2069 |     156 |       53 |
+-------+------------------------------------------+------------+---------+----------+``` to slack
[2020-04-02 20:02:16,721] Starting new HTTPS connection (1): hooks.slack.com:443
[2020-04-02 20:02:18,951] https://hooks.slack.com:443 "POST /services/T010STSQN4B/B010U9T3HD0/LE8nrA4yqSYuME8CMW1E24MU HTTP/1.1" 200 22
[2020-04-02 20:20:02,144] Starting new HTTPS connection (1): www.mohfw.gov.in:443
[2020-04-02 20:20:03,726] https://www.mohfw.gov.in:443 "GET / HTTP/1.1" 200 12107
[2020-04-02 20:40:01,986] Starting new HTTPS connection (1): www.mohfw.gov.in:443
[2020-04-02 20:40:08,240] https://www.mohfw.gov.in:443 "GET / HTTP/1.1" 200 12107
[2020-04-02 21:00:01,500] Starting new HTTPS connection (1): www.mohfw.gov.in:443
[2020-04-02 21:00:03,421] https://www.mohfw.gov.in:443 "GET / HTTP/1.1" 200 12107
[2020-04-02 21:20:01,687] Starting new HTTPS connection (1): www.mohfw.gov.in:443
[2020-04-02 21:20:02,152] https://www.mohfw.gov.in:443 "GET / HTTP/1.1" 200 12107
[2020-04-02 21:40:01,390] Starting new HTTPS connection (1): www.mohfw.gov.in:443
[2020-04-02 21:40:02,111] https://www.mohfw.gov.in:443 "GET / HTTP/1.1" 200 12107
[2020-04-02 22:00:01,375] Starting new HTTPS connection (1): www.mohfw.gov.in:443
[2020-04-02 22:00:03,596] https://www.mohfw.gov.in:443 "GET / HTTP/1.1" 200 12107
[2020-04-02 22:20:01,859] Starting new HTTPS connection (1): www.mohfw.gov.in:443
[2020-04-02 22:20:04,495] https://www.mohfw.gov.in:443 "GET / HTTP/1.1" 200 12311
[2020-04-02 22:40:01,734] Starting new HTTPS connection (1): www.mohfw.gov.in:443
[2020-04-02 22:40:02,546] https://www.mohfw.gov.in:443 "GET / HTTP/1.1" 200 12482
[2020-04-02 23:00:01,784] Starting new HTTPS connection (1): www.mohfw.gov.in:443
[2020-04-02 23:00:03,327] https://www.mohfw.gov.in:443 "GET / HTTP/1.1" 200 12482
[2020-04-02 23:20:01,600] Starting new HTTPS connection (1): www.mohfw.gov.in:443
[2020-04-02 23:20:01,960] https://www.mohfw.gov.in:443 "GET / HTTP/1.1" 200 12482
[2020-04-02 23:40:01,228] Starting new HTTPS connection (1): www.mohfw.gov.in:443
[2020-04-02 23:40:01,737] https://www.mohfw.gov.in:443 "GET / HTTP/1.1" 200 12482
[2020-04-03 00:00:02,003] Starting new HTTPS connection (1): www.mohfw.gov.in:443
[2020-04-03 00:00:02,547] https://www.mohfw.gov.in:443 "GET / HTTP/1.1" 200 12482
[2020-04-03 00:20:01,815] Starting new HTTPS connection (1): www.mohfw.gov.in:443
[2020-04-03 00:20:02,262] https://www.mohfw.gov.in:443 "GET / HTTP/1.1" 200 12521
[2020-04-03 00:40:01,526] Starting new HTTPS connection (1): www.mohfw.gov.in:443
[2020-04-03 00:40:01,903] https://www.mohfw.gov.in:443 "GET / HTTP/1.1" 200 12521
[2020-04-03 01:00:01,165] Starting new HTTPS connection (1): www.mohfw.gov.in:443
[2020-04-03 01:00:02,697] https://www.mohfw.gov.in:443 "GET / HTTP/1.1" 200 12517
[2020-04-03 01:20:01,983] Starting new HTTPS connection (1): www.mohfw.gov.in:443
[2020-04-03 01:20:02,678] https://www.mohfw.gov.in:443 "GET / HTTP/1.1" 200 12517
[2020-04-03 01:40:01,934] Starting new HTTPS connection (1): www.mohfw.gov.in:443
[2020-04-03 01:40:02,459] https://www.mohfw.gov.in:443 "GET / HTTP/1.1" 200 12517
[2020-04-03 02:00:01,706] Starting new HTTPS connection (1): www.mohfw.gov.in:443
[2020-04-03 02:00:02,271] https://www.mohfw.gov.in:443 "GET / HTTP/1.1" 200 12517
[2020-04-03 02:20:01,550] Starting new HTTPS connection (1): www.mohfw.gov.in:443
[2020-04-03 02:20:01,980] https://www.mohfw.gov.in:443 "GET / HTTP/1.1" 200 12518
[2020-04-03 02:40:01,248] Starting new HTTPS connection (1): www.mohfw.gov.in:443
[2020-04-03 02:40:01,631] https://www.mohfw.gov.in:443 "GET / HTTP/1.1" 200 12518
[2020-04-03 03:00:01,889] Starting new HTTPS connection (1): www.mohfw.gov.in:443
[2020-04-03 03:00:02,256] https://www.mohfw.gov.in:443 "GET / HTTP/1.1" 200 12518
[2020-04-03 03:20:01,532] Starting new HTTPS connection (1): www.mohfw.gov.in:443
[2020-04-03 03:20:02,408] https://www.mohfw.gov.in:443 "GET / HTTP/1.1" 200 12518
[2020-04-03 03:40:01,658] Starting new HTTPS connection (1): www.mohfw.gov.in:443
[2020-04-03 03:40:02,046] https://www.mohfw.gov.in:443 "GET / HTTP/1.1" 200 12518
[2020-04-03 04:00:01,329] Starting new HTTPS connection (1): www.mohfw.gov.in:443
[2020-04-03 04:00:01,958] https://www.mohfw.gov.in:443 "GET / HTTP/1.1" 200 12518
[2020-04-03 04:20:01,246] Starting new HTTPS connection (1): www.mohfw.gov.in:443
[2020-04-03 04:20:01,658] https://www.mohfw.gov.in:443 "GET / HTTP/1.1" 200 12518
[2020-04-03 04:40:01,915] Starting new HTTPS connection (1): www.mohfw.gov.in:443
[2020-04-03 04:40:02,704] https://www.mohfw.gov.in:443 "GET / HTTP/1.1" 200 12518
[2020-04-03 05:00:01,961] Starting new HTTPS connection (1): www.mohfw.gov.in:443
[2020-04-03 05:00:03,006] https://www.mohfw.gov.in:443 "GET / HTTP/1.1" 200 12518
[2020-04-03 05:20:01,282] Starting new HTTPS connection (1): www.mohfw.gov.in:443
[2020-04-03 05:20:01,815] https://www.mohfw.gov.in:443 "GET / HTTP/1.1" 200 12518
[2020-04-03 05:40:02,075] Starting new HTTPS connection (1): www.mohfw.gov.in:443
[2020-04-03 05:40:02,936] https://www.mohfw.gov.in:443 "GET / HTTP/1.1" 200 12518
[2020-04-03 06:00:01,200] Starting new HTTPS connection (1): www.mohfw.gov.in:443
[2020-04-03 06:00:02,027] https://www.mohfw.gov.in:443 "GET / HTTP/1.1" 200 12518
[2020-04-03 06:20:01,301] Starting new HTTPS connection (1): www.mohfw.gov.in:443
[2020-04-03 06:20:02,712] https://www.mohfw.gov.in:443 "GET / HTTP/1.1" 200 12518
[2020-04-03 06:40:01,988] Starting new HTTPS connection (1): www.mohfw.gov.in:443
[2020-04-03 06:40:03,750] https://www.mohfw.gov.in:443 "GET / HTTP/1.1" 200 12518
[2020-04-03 07:00:01,991] Starting new HTTPS connection (1): www.mohfw.gov.in:443
[2020-04-03 07:00:02,952] https://www.mohfw.gov.in:443 "GET / HTTP/1.1" 200 12518
[2020-04-03 07:20:01,225] Starting new HTTPS connection (1): www.mohfw.gov.in:443
[2020-04-03 07:20:02,349] https://www.mohfw.gov.in:443 "GET / HTTP/1.1" 200 12518
[2020-04-03 07:40:01,602] Starting new HTTPS connection (1): www.mohfw.gov.in:443
[2020-04-03 07:40:02,094] https://www.mohfw.gov.in:443 "GET / HTTP/1.1" 200 12518
[2020-04-03 08:00:01,346] Starting new HTTPS connection (1): www.mohfw.gov.in:443
[2020-04-03 08:00:01,825] https://www.mohfw.gov.in:443 "GET / HTTP/1.1" 200 12518
[2020-04-04 07:54:58,546] Starting new HTTPS connection (1): www.mohfw.gov.in:443
[2020-04-04 07:54:59,540] https://www.mohfw.gov.in:443 "GET / HTTP/1.1" 200 12928
[2020-04-04 07:54:59,625] Sending CoronaVirus Summary for India:

 - Change for Andhra Pradesh: [86, 1, 1]->[132, 1, 1]
 - NEW_STATE Arunachal Pradesh got corona virus: [1, 0, 0]
 - Change for Assam: [5, 0, 0]->[16, 0, 0]
 - Change for Bihar: [24, 0, 1]->[29, 0, 1]
 - Change for Chandigarh: [16, 0, 0]->[18, 0, 0]
 - Change for Chhattisgarh: [9, 2, 0]->[9, 3, 0]
 - Change for Goa: [5, 0, 0]->[6, 0, 0]
 - Change for Gujarat: [87, 8, 7]->[95, 10, 8]
 - Change for Haryana: [43, 21, 0]->[49, 24, 0]
 - Change for Himachal Pradesh: [3, 1, 1]->[6, 1, 1]
 - Change for Jammu and Kashmir: [62, 2, 2]->[75, 3, 2]
 - Change for Jharkhand: [1, 0, 0]->[2, 0, 0]
 - Change for Karnataka: [110, 9, 3]->[124, 10, 3]
 - Change for Kerala: [265, 25, 2]->[286, 27, 2]
 - Change for Ladakh: [13, 3, 0]->[14, 3, 0]
 - Change for Madhya Pradesh: [99, 0, 6]->[104, 0, 6]
 - Change for Maharashtra: [335, 42, 13]->[335, 42, 16]
 - Change for Manipur: [1, 0, 0]->[2, 0, 0]
 - Change for Odisha: [4, 0, 0]->[5, 0, 0]
 - Change for Puducherry: [3, 1, 0]->[5, 1, 0]
 - Change for Punjab: [46, 1, 4]->[48, 1, 5]
 - Change for Rajasthan: [108, 3, 0]->[167, 3, 0]
 - Change for Tamil Nadu: [234, 6, 1]->[309, 6, 1]
 - Change for Telengana: [107, 1, 3]->[158, 1, 7]
 - Change for Uttarakhand: [7, 2, 0]->[10, 2, 0]
 - Change for Uttar Pradesh: [113, 14, 2]->[172, 14, 2]
 - Change for West Bengal: [53, 6, 3]->[63, 3, 3]
 - Change for Total number of confirmed cases in India: [2069, 156, 53]->[2547*, 163, 62]
 - NEW_STATE *Remaining 77 cases are being assigned to states for contact tracing got corona virus: []
```+-------+----------------------------------------------------------------------+------------+---------+----------+
| Sno   | State                                                                | Infected   |   Cured |   Deaths |
|-------+----------------------------------------------------------------------+------------+---------+----------|
| 1     | Andhra Pradesh                                                       | 132        |       1 |        1 |
| 2     | Andaman and Nicobar Islands                                          | 10         |       0 |        0 |
| 3     | Arunachal Pradesh                                                    | 1          |       0 |        0 |
| 4     | Assam                                                                | 16         |       0 |        0 |
| 5     | Bihar                                                                | 29         |       0 |        1 |
| 6     | Chandigarh                                                           | 18         |       0 |        0 |
| 7     | Chhattisgarh                                                         | 9          |       3 |        0 |
| 8     | Delhi                                                                | 219        |       8 |        4 |
| 9     | Goa                                                                  | 6          |       0 |        0 |
| 10    | Gujarat                                                              | 95         |      10 |        8 |
| 11    | Haryana                                                              | 49         |      24 |        0 |
| 12    | Himachal Pradesh                                                     | 6          |       1 |        1 |
| 13    | Jammu and Kashmir                                                    | 75         |       3 |        2 |
| 14    | Jharkhand                                                            | 2          |       0 |        0 |
| 15    | Karnataka                                                            | 124        |      10 |        3 |
| 16    | Kerala                                                               | 286        |      27 |        2 |
| 17    | Ladakh                                                               | 14         |       3 |        0 |
| 18    | Madhya Pradesh                                                       | 104        |       0 |        6 |
| 19    | Maharashtra                                                          | 335        |      42 |       16 |
| 20    | Manipur                                                              | 2          |       0 |        0 |
| 21    | Mizoram                                                              | 1          |       0 |        0 |
| 22    | Odisha                                                               | 5          |       0 |        0 |
| 23    | Puducherry                                                           | 5          |       1 |        0 |
| 24    | Punjab                                                               | 48         |       1 |        5 |
| 25    | Rajasthan                                                            | 167        |       3 |        0 |
| 26    | Tamil Nadu                                                           | 309        |       6 |        1 |
| 27    | Telengana                                                            | 158        |       1 |        7 |
| 28    | Uttarakhand                                                          | 10         |       2 |        0 |
| 28    | Uttar Pradesh                                                        | 172        |      14 |        2 |
| 29    | West Bengal                                                          | 63         |       3 |        3 |
|       | Total number of confirmed cases in India                             | 2547*      |     163 |       62 |
|       | *Remaining 77 cases are being assigned to states for contact tracing |            |         |          |
+-------+----------------------------------------------------------------------+------------+---------+----------+``` to slack
[2020-04-04 07:54:59,626] Starting new HTTPS connection (1): hooks.slack.com:443
[2020-04-04 07:55:00,667] https://hooks.slack.com:443 "POST /services/T010STSQN4B/B010U9T3HD0/LE8nrA4yqSYuME8CMW1E24MU HTTP/1.1" 200 22
[2020-04-04 16:21:58,661] Starting new HTTPS connection (1): www.mohfw.gov.in:443
[2020-04-04 16:38:21,352] Starting new HTTPS connection (1): www.mohfw.gov.in:443
[2020-04-04 16:42:42,811] https://www.mohfw.gov.in:443 "GET / HTTP/1.1" 200 12993
[2020-04-04 16:42:42,891] Sending CoronaVirus Summary for India:

 - Change for Andhra Pradesh: [132, 1, 1]->[161, 1, 1]
 - Change for Assam: [16, 0, 0]->[24, 0, 0]
 - Change for Delhi: [219, 8, 4]->[386, 8, 6]
 - Change for Gujarat: [95, 10, 8]->[95, 10, 9]
 - Change for Karnataka: [124, 10, 3]->[128, 12, 3]
 - Change for Kerala: [286, 27, 2]->[295, 41, 2]
 - Change for Maharashtra: [335, 42, 16]->[423, 42, 19]
 - Change for Punjab: [48, 1, 5]->[53, 1, 5]
 - Change for Rajasthan: [167, 3, 0]->[179, 3, 0]
 - Change for Tamil Nadu: [309, 6, 1]->[411, 6, 1]
 - Change for Uttarakhand: [10, 2, 0]->[16, 2, 0]
 - Change for Uttar Pradesh: [172, 14, 2]->[174, 19, 2]
 - Change for Total number of confirmed cases in India: [2547*, 163, 62]->[2902, 184, 68]
```+-------+------------------------------------------+------------+---------+----------+
| Sno   | State                                    |   Infected |   Cured |   Deaths |
|-------+------------------------------------------+------------+---------+----------|
| 1     | Andhra Pradesh                           |        161 |       1 |        1 |
| 2     | Andaman and Nicobar Islands              |         10 |       0 |        0 |
| 3     | Arunachal Pradesh                        |          1 |       0 |        0 |
| 4     | Assam                                    |         24 |       0 |        0 |
| 5     | Bihar                                    |         29 |       0 |        1 |
| 6     | Chandigarh                               |         18 |       0 |        0 |
| 7     | Chhattisgarh                             |          9 |       3 |        0 |
| 8     | Delhi                                    |        386 |       8 |        6 |
| 9     | Goa                                      |          6 |       0 |        0 |
| 10    | Gujarat                                  |         95 |      10 |        9 |
| 11    | Haryana                                  |         49 |      24 |        0 |
| 12    | Himachal Pradesh                         |          6 |       1 |        1 |
| 13    | Jammu and Kashmir                        |         75 |       3 |        2 |
| 14    | Jharkhand                                |          2 |       0 |        0 |
| 15    | Karnataka                                |        128 |      12 |        3 |
| 16    | Kerala                                   |        295 |      41 |        2 |
| 17    | Ladakh                                   |         14 |       3 |        0 |
| 18    | Madhya Pradesh                           |        104 |       0 |        6 |
| 19    | Maharashtra                              |        423 |      42 |       19 |
| 20    | Manipur                                  |          2 |       0 |        0 |
| 21    | Mizoram                                  |          1 |       0 |        0 |
| 22    | Odisha                                   |          5 |       0 |        0 |
| 23    | Puducherry                               |          5 |       1 |        0 |
| 24    | Punjab                                   |         53 |       1 |        5 |
| 25    | Rajasthan                                |        179 |       3 |        0 |
| 26    | Tamil Nadu                               |        411 |       6 |        1 |
| 27    | Telengana                                |        158 |       1 |        7 |
| 28    | Uttarakhand                              |         16 |       2 |        0 |
| 28    | Uttar Pradesh                            |        174 |      19 |        2 |
| 29    | West Bengal                              |         63 |       3 |        3 |
|       | Total number of confirmed cases in India |       2902 |     184 |       68 |
+-------+------------------------------------------+------------+---------+----------+``` to slack
[2020-04-04 16:42:42,892] Starting new HTTPS connection (1): hooks.slack.com:443
[2020-04-04 16:42:44,102] https://hooks.slack.com:443 "POST /services/T010STSQN4B/B010U9T3HD0/LE8nrA4yqSYuME8CMW1E24MU HTTP/1.1" 200 22
[2020-04-04 19:46:40,477] Starting new HTTPS connection (1): www.mohfw.gov.in:443
[2020-04-04 19:46:40,879] https://www.mohfw.gov.in:443 "GET / HTTP/1.1" 200 13170
[2020-04-04 19:46:40,962] Sending CoronaVirus Summary for India:

 - Change for Bihar: [29, 0, 1]->[30, 0, 1]
 - Change for Delhi: [386, 8, 6]->[445, 15, 6]
 - Change for Goa: [6, 0, 0]->[7, 0, 0]
 - Change for Gujarat: [95, 10, 9]->[105, 14, 10]
 - Change for Maharashtra: [423, 42, 19]->[490, 42, 24]
 - Change for Punjab: [53, 1, 5]->[57, 1, 5]
 - Change for Rajasthan: [179, 3, 0]->[200, 21, 0]
 - Change for Tamil Nadu: [411, 6, 1]->[411, 6, 2]
 - Change for Telengana: [158, 1, 7]->[159, 1, 7]
 - Change for West Bengal: [63, 3, 3]->[69, 3, 3]
 - Change for Total number of confirmed cases in India: [2902, 184, 68]->[3072*, 213, 75]
 - NEW_STATE *States wise distribution is subject to further verification and reconciliation got corona virus: []
```+-------+---------------------------------------------------------------------------------+------------+---------+----------+
| Sno   | State                                                                           | Infected   |   Cured |   Deaths |
|-------+---------------------------------------------------------------------------------+------------+---------+----------|
| 1     | Andhra Pradesh                                                                  | 161        |       1 |        1 |
| 2     | Andaman and Nicobar Islands                                                     | 10         |       0 |        0 |
| 3     | Arunachal Pradesh                                                               | 1          |       0 |        0 |
| 4     | Assam                                                                           | 24         |       0 |        0 |
| 5     | Bihar                                                                           | 30         |       0 |        1 |
| 6     | Chandigarh                                                                      | 18         |       0 |        0 |
| 7     | Chhattisgarh                                                                    | 9          |       3 |        0 |
| 8     | Delhi                                                                           | 445        |      15 |        6 |
| 9     | Goa                                                                             | 7          |       0 |        0 |
| 10    | Gujarat                                                                         | 105        |      14 |       10 |
| 11    | Haryana                                                                         | 49         |      24 |        0 |
| 12    | Himachal Pradesh                                                                | 6          |       1 |        1 |
| 13    | Jammu and Kashmir                                                               | 75         |       3 |        2 |
| 14    | Jharkhand                                                                       | 2          |       0 |        0 |
| 15    | Karnataka                                                                       | 128        |      12 |        3 |
| 16    | Kerala                                                                          | 295        |      41 |        2 |
| 17    | Ladakh                                                                          | 14         |       3 |        0 |
| 18    | Madhya Pradesh                                                                  | 104        |       0 |        6 |
| 19    | Maharashtra                                                                     | 490        |      42 |       24 |
| 20    | Manipur                                                                         | 2          |       0 |        0 |
| 21    | Mizoram                                                                         | 1          |       0 |        0 |
| 22    | Odisha                                                                          | 5          |       0 |        0 |
| 23    | Puducherry                                                                      | 5          |       1 |        0 |
| 24    | Punjab                                                                          | 57         |       1 |        5 |
| 25    | Rajasthan                                                                       | 200        |      21 |        0 |
| 26    | Tamil Nadu                                                                      | 411        |       6 |        2 |
| 27    | Telengana                                                                       | 159        |       1 |        7 |
| 28    | Uttarakhand                                                                     | 16         |       2 |        0 |
| 28    | Uttar Pradesh                                                                   | 174        |      19 |        2 |
| 29    | West Bengal                                                                     | 69         |       3 |        3 |
|       | Total number of confirmed cases in India                                        | 3072*      |     213 |       75 |
|       | *States wise distribution is subject to further verification and reconciliation |            |         |          |
+-------+---------------------------------------------------------------------------------+------------+---------+----------+``` to slack
[2020-04-04 19:46:40,963] Starting new HTTPS connection (1): hooks.slack.com:443
[2020-04-04 19:46:42,479] https://hooks.slack.com:443 "POST /services/T010STSQN4B/B010U9T3HD0/LE8nrA4yqSYuME8CMW1E24MU HTTP/1.1" 200 22
